<?xml version="1.0" encoding="UTF-8"?>
<!-- Generated by org.testng.reporters.JUnitXMLReporter -->
<testsuite ignored="1" hostname="Balaji" failures="0" tests="2" name="Default test" time="73.219" errors="0" timestamp="2022-04-13T08:15:05 IST">
  <testcase classname="com.pwc.test.LoginTest" name="invalidCredentialTest" time="9.358"/>
  <testcase classname="com.pwc.test.LoginTest" name="invalidCredentialTest" time="9.7"/>
  <testcase classname="com.pwc.test.LoginTest" name="validCredentialTest" time="0.0">
    <ignored/>
  </testcase> <!-- validCredentialTest -->
</testsuite> <!-- Default test -->
