<?xml version="1.0" encoding="UTF-8"?>
<!-- Generated by org.testng.reporters.JUnitXMLReporter -->
<testsuite ignored="1" hostname="Balaji" failures="0" tests="2" name="Default test" time="64.634" errors="0" timestamp="2022-04-13T14:25:03 IST">
  <testcase classname="com.pwc.test.LoginTest" name="invalidCredentialTest" time="30.259"/>
  <testcase classname="com.pwc.test.LoginTest" name="invalidCredentialTest" time="3.099"/>
  <testcase classname="com.pwc.test.LoginTest" name="validCredentialTest" time="0.0">
    <ignored/>
  </testcase> <!-- validCredentialTest -->
</testsuite> <!-- Default test -->
