<?xml version="1.0" encoding="UTF-8"?>
<testng-results ignored="0" total="1" passed="1" failed="0" skipped="0">
  <reporter-output>
  </reporter-output>
  <suite started-at="2022-04-13T12:41:25 IST" name="Default suite" finished-at="2022-04-13T12:42:25 IST" duration-ms="59535">
    <groups>
    </groups>
    <test started-at="2022-04-13T12:41:25 IST" name="Default test" finished-at="2022-04-13T12:42:25 IST" duration-ms="59535">
      <class name="com.pwc.test.LoginUserInterfaceTest">
        <test-method is-config="true" signature="setup()[pri:0, instance:com.pwc.test.LoginUserInterfaceTest@82de64a]" started-at="2022-04-13T12:41:26 IST" name="setup" finished-at="2022-04-13T12:42:24 IST" duration-ms="58009" status="PASS">
          <reporter-output>
          </reporter-output>
        </test-method> <!-- setup -->
        <test-method signature="validateTitleTest(java.lang.String)[pri:0, instance:com.pwc.test.LoginUserInterfaceTest@82de64a]" started-at="2022-04-13T12:42:24 IST" name="validateTitleTest" data-provider="commonDataProvider" finished-at="2022-04-13T12:42:24 IST" duration-ms="19" status="PASS">
          <params>
            <param index="0">
              <value>
                <![CDATA[OrangeHRM]]>
              </value>
            </param>
          </params>
          <reporter-output>
          </reporter-output>
        </test-method> <!-- validateTitleTest -->
        <test-method is-config="true" signature="teardown()[pri:0, instance:com.pwc.test.LoginUserInterfaceTest@82de64a]" started-at="2022-04-13T12:42:24 IST" name="teardown" finished-at="2022-04-13T12:42:25 IST" duration-ms="413" status="PASS">
          <reporter-output>
          </reporter-output>
        </test-method> <!-- teardown -->
      </class> <!-- com.pwc.test.LoginUserInterfaceTest -->
    </test> <!-- Default test -->
  </suite> <!-- Default suite -->
</testng-results>
