<?xml version="1.0" encoding="UTF-8"?>
<testng-results ignored="0" total="1" passed="1" failed="0" skipped="0">
  <reporter-output>
  </reporter-output>
  <suite started-at="2022-04-13T07:15:34 IST" name="Default suite" finished-at="2022-04-13T07:15:44 IST" duration-ms="10361">
    <groups>
    </groups>
    <test started-at="2022-04-13T07:15:34 IST" name="Default test" finished-at="2022-04-13T07:15:44 IST" duration-ms="10361">
      <class name="com.pwc.test.LoginUserInterfaceTest">
        <test-method is-config="true" signature="setup()[pri:0, instance:com.pwc.test.LoginUserInterfaceTest@31fa1761]" started-at="2022-04-13T07:15:34 IST" name="setup" finished-at="2022-04-13T07:15:44 IST" duration-ms="9940" status="PASS">
          <reporter-output>
          </reporter-output>
        </test-method> <!-- setup -->
        <test-method signature="validateTitleTest()[pri:0, instance:com.pwc.test.LoginUserInterfaceTest@31fa1761]" started-at="2022-04-13T07:15:44 IST" name="validateTitleTest" finished-at="2022-04-13T07:15:44 IST" duration-ms="22" status="PASS">
          <reporter-output>
          </reporter-output>
        </test-method> <!-- validateTitleTest -->
        <test-method is-config="true" signature="teardown()[pri:0, instance:com.pwc.test.LoginUserInterfaceTest@31fa1761]" started-at="2022-04-13T07:15:44 IST" name="teardown" finished-at="2022-04-13T07:15:44 IST" duration-ms="334" status="PASS">
          <reporter-output>
          </reporter-output>
        </test-method> <!-- teardown -->
      </class> <!-- com.pwc.test.LoginUserInterfaceTest -->
    </test> <!-- Default test -->
  </suite> <!-- Default suite -->
</testng-results>
