<?xml version="1.0" encoding="UTF-8"?>
<!-- Generated by org.testng.reporters.JUnitXMLReporter -->
<testsuite ignored="0" hostname="Balaji" failures="1" tests="1" name="Login UI Test - ch" time="35.454" errors="0" timestamp="2022-04-13T13:47:18 IST">
  <testcase classname="com.pwc.test.LoginUserInterfaceTest" name="validateTitleTest" time="0.029">
    <failure type="java.lang.AssertionError" message="expected [OrangeHRM] but found [502 Bad Gateway]">
      <![CDATA[java.lang.AssertionError: expected [OrangeHRM] but found [502 Bad Gateway]
at com.pwc.test.LoginUserInterfaceTest.validateTitleTest(LoginUserInterfaceTest.java:15)
at java.base/java.util.ArrayList.forEach(ArrayList.java:1511)
... Removed 33 stack frames]]>
    </failure>
  </testcase> <!-- validateTitleTest -->
</testsuite> <!-- Login UI Test - ch -->
